<?xml version='1.0' encoding='UTF-8'?>
<!DOCTYPE coverage SYSTEM 'http://cobertura.sourceforge.net/xml/coverage-04.dtd'>
<coverage line-rate="0.7451066961000736" branch-rate="0.31501262381044864" lines-covered="5063" lines-valid="6795" branches-covered="3244" branches-valid="10298" complexity="0.0" timestamp="1744290779" version="gcovr 8.3"><sources><source>/__w/gyselalibxx/gyselalibxx</source></sources><packages><package name="src.advection" line-rate="1.0" branch-rate="0.20243902439024392" complexity="0.0"><classes><class name="bsl_advection_1d_hpp" filename="src/advection/bsl_advection_1d.hpp" line-rate="1.0" branch-rate="0.5" complexity="0.0"><methods/><lines><line number="136" hits="6" branch="false"/><line number="141" hits="6" branch="false"/><line number="142" hits="6" branch="false"/><line number="143" hits="6" branch="false"/><line number="144" hits="6" branch="true" condition-coverage="50% (2/4)"><conditions><condition number="0" type="jump" coverage="50%"/></conditions></line><line number="163" hits="39" branch="false"/><line number="172" hits="39" branch="true" condition-coverage="50% (1/2)"><conditions><condition number="0" type="jump" coverage="50%"/></conditions></line><line number="175" hits="39" branch="false"/><line number="176" hits="39" branch="false"/><line number="178" hits="39" branch="false"/><line number="179" hits="39" branch="false"/><line number="180" hits="39" branch="false"/><line number="184" hits="39" branch="true" condition-coverage="50% (1/2)"><conditions><condition number="0" type="jump" coverage="50%"/></conditions></line><line number="185" hits="78" branch="false"/><line number="186" hits="39" branch="false"/><line number="188" hits="39" branch="true" condition-coverage="50% (1/2)"><conditions><condition number="0" type="jump" coverage="50%"/></conditions></line><line number="195" hits="39" branch="true" condition-coverage="50% (1/2)"><conditions><condition number="0" type="jump" coverage="50%"/></conditions></line><line number="196" hits="39" branch="true" condition-coverage="50% (1/2)"><conditions><condition number="0" type="jump" coverage="50%"/></conditions></line><line number="197" hits="39" branch="true" condition-coverage="50% (1/2)"><conditions><condition number="0" type="jump" coverage="50%"/></conditions></line><line number="198" hits="39" branch="true" condition-coverage="50% (1/2)"><conditions><condition number="0" type="jump" coverage="50%"/></conditions></line><line number="199" hits="39" branch="true" condition-coverage="50% (2/4)"><conditions><condition number="0" type="jump" coverage="50%"/></conditions></line><line number="200" hits="39" branch="true" condition-coverage="50% (2/4)"><conditions><condition number="0" type="jump" coverage="50%"/></conditions></line><line number="208" hits="39" branch="true" condition-coverage="50% (1/2)"><conditions><condition number="0" type="jump" coverage="50%"/></conditions></line><line number="209" hits="39" branch="false"/><line number="210" hits="39" branch="false"/><line number="211" hits="39" branch="true" condition-coverage="50% (1/2)"><conditions><condition number="0" type="jump" coverage="50%"/></conditions></line><line number="213" hits="94512" branch="false"/><line number="214" hits="94256" branch="false"/><line number="226" hits="39" branch="true" condition-coverage="50% (1/2)"><conditions><condition number="0" type="jump" coverage="50%"/></conditions></line><line number="227" hits="102" branch="false"/><line number="228" hits="51" branch="false"/><line number="236" hits="39" branch="false"/><line number="237" hits="78" branch="true" condition-coverage="50% (3/6)"><conditions><condition number="0" type="jump" coverage="50%"/></conditions></line><line number="248" hits="39" branch="true" condition-coverage="50% (1/2)"><conditions><condition number="0" type="jump" coverage="50%"/></conditions></line><line number="249" hits="39" branch="false"/><line number="250" hits="39" branch="false"/><line number="251" hits="39" branch="true" condition-coverage="50% (1/2)"><conditions><condition number="0" type="jump" coverage="50%"/></conditions></line><line number="253" hits="274912" branch="false"/><line number="254" hits="223856" branch="false"/><line number="255" hits="223856" branch="false"/><line number="260" hits="117" branch="true" condition-coverage="50% (1/2)"><conditions><condition number="0" type="jump" coverage="50%"/></conditions></line><line number="263" hits="39" branch="false"/><line number="264" hits="39" branch="false"/><line number="267" hits="39" branch="true" condition-coverage="50% (1/2)"><conditions><condition number="0" type="jump" coverage="50%"/></conditions></line><line number="268" hits="39" branch="false"/><line number="269" hits="39" branch="false"/></lines></class><class name="bsl_advection_vx_hpp" filename="src/advection/bsl_advection_vx.hpp" line-rate="1.0" branch-rate="0.5833333333333334" complexity="0.0"><methods/><lines><line number="40" hits="15" branch="false"/><line number="41" hits="15" branch="true" condition-coverage="50% (2/4)"><conditions><condition number="0" type="jump" coverage="50%"/></conditions></line><line number="45" hits="15" branch="false"/><line number="54" hits="4050" branch="false"/><line number="63" hits="4050" branch="true" condition-coverage="50% (1/2)"><conditions><condition number="0" type="jump" coverage="50%"/></conditions></line><line number="64" hits="4050" branch="false"/><line number="65" hits="4050" branch="false"/><line number="66" hits="4050" branch="false"/><line number="68" hits="4050" branch="false"/><line number="69" hits="4050" branch="false"/><line number="71" hits="4050" branch="true" condition-coverage="50% (1/2)"><conditions><condition number="0" type="jump" coverage="50%"/></conditions></line><line number="72" hits="4050" branch="true" condition-coverage="50% (1/2)"><conditions><condition number="0" type="jump" coverage="50%"/></conditions></line><line number="74" hits="4050" branch="true" condition-coverage="50% (1/2)"><conditions><condition number="0" type="jump" coverage="50%"/></conditions></line><line number="75" hits="4050" branch="true" condition-coverage="50% (1/2)"><conditions><condition number="0" type="jump" coverage="50%"/></conditions></line><line number="78" hits="4050" branch="false"/><line number="79" hits="4050" branch="true" condition-coverage="50% (1/2)"><conditions><condition number="0" type="jump" coverage="50%"/></conditions></line><line number="80" hits="4050" branch="false"/><line number="81" hits="4050" branch="true" condition-coverage="50% (1/2)"><conditions><condition number="0" type="jump" coverage="50%"/></conditions></line><line number="82" hits="4050" branch="false"/><line number="84" hits="4050" branch="false"/><line number="86" hits="4050" branch="false"/><line number="88" hits="4218" branch="false"/><line number="90" hits="4028" branch="false"/><line number="91" hits="4028" branch="false"/><line number="92" hits="4028" branch="false"/><line number="93" hits="4028" branch="false"/><line number="95" hits="2183568" branch="false"/><line number="96" hits="1353928" branch="false"/><line number="98" hits="1353928" branch="false"/><line number="99" hits="1353928" branch="false"/><line number="102" hits="132708272" branch="true" condition-coverage="100% (4/4)"><conditions><condition number="0" type="jump" coverage="100%"/></conditions></line><line number="103" hits="131354344" branch="false"/><line number="106" hits="12084" branch="false"/><line number="109" hits="4028" branch="false"/><line number="110" hits="4028" branch="false"/><line number="113" hits="4050" branch="true" condition-coverage="50% (1/2)"><conditions><condition number="0" type="jump" coverage="50%"/></conditions></line><line number="114" hits="4050" branch="false"/><line number="115" hits="4050" branch="false"/></lines></class><class name="bsl_advection_x_hpp" filename="src/advection/bsl_advection_x.hpp" line-rate="1.0" branch-rate="0.6666666666666666" complexity="0.0"><methods/><lines><line number="40" hits="14" branch="false"/><line number="41" hits="14" branch="true" condition-coverage="50% (1/2)"><conditions><condition number="0" type="jump" coverage="50%"/></conditions></line><line number="45" hits="14" branch="false"/><line number="53" hits="8065" branch="false"/><line number="60" hits="8065" branch="true" condition-coverage="50% (1/2)"><conditions><condition number="0" type="jump" coverage="50%"/></conditions></line><line number="61" hits="8065" branch="false"/><line number="62" hits="8065" branch="false"/><line number="63" hits="8065" branch="false"/><line number="66" hits="8065" branch="false"/><line number="67" hits="8065" branch="false"/><line number="68" hits="8065" branch="false"/><line number="69" hits="8065" branch="true" condition-coverage="50% (1/2)"><conditions><condition number="0" type="jump" coverage="50%"/></conditions></line><line number="70" hits="8065" branch="false"/><line number="72" hits="8065" branch="false"/><line number="74" hits="16131" branch="true" condition-coverage="100% (2/2)"><conditions><condition number="0" type="jump" coverage="100%"/></conditions></line><line number="75" hits="8066" branch="false"/><line number="76" hits="8066" branch="false"/><line number="77" hits="8066" branch="true" condition-coverage="50% (1/2)"><conditions><condition number="0" type="jump" coverage="50%"/></conditions></line><line number="79" hits="3621068" branch="false"/><line number="81" hits="2596966" branch="false"/><line number="82" hits="2596966" branch="false"/><line number="83" hits="2596966" branch="false"/><line number="86" hits="248498238" branch="true" condition-coverage="100% (4/4)"><conditions><condition number="0" type="jump" coverage="100%"/></conditions></line><line number="87" hits="245901272" branch="false"/><line number="90" hits="8066" branch="true" condition-coverage="50% (1/2)"><conditions><condition number="0" type="jump" coverage="50%"/></conditions></line><line number="93" hits="8065" branch="true" condition-coverage="50% (1/2)"><conditions><condition number="0" type="jump" coverage="50%"/></conditions></line><line number="94" hits="8065" branch="false"/><line number="95" hits="8065" branch="false"/></lines></class><class name="iadvectionvx_hpp" filename="src/advection/iadvectionvx.hpp" line-rate="1.0" branch-rate="0.5" complexity="0.0"><methods/><lines><line number="16" hits="17" branch="true" condition-coverage="50% (2/4)"><conditions><condition number="0" type="jump" coverage="50%"/></conditions></line><line number="19" hits="17" branch="false"/></lines></class><class name="iadvectionx_hpp" filename="src/advection/iadvectionx.hpp" line-rate="1.0" branch-rate="0.5" complexity="0.0"><methods/><lines><line number="15" hits="16" branch="true" condition-coverage="50% (1/2)"><conditions><condition number="0" type="jump" coverage="50%"/></conditions></line><line number="18" hits="16" branch="false"/></lines></class><class name="ipolar_foot_finder_hpp" filename="src/advection/ipolar_foot_finder.hpp" line-rate="1.0" branch-rate="0.041666666666666664" complexity="0.0"><methods/><lines><line number="27" hits="27" branch="true" condition-coverage="4% (1/24)"><conditions><condition number="0" type="jump" coverage="4%"/></conditions></line><line number="52" hits="27" branch="false"/></lines></class><class name="spline_polar_foot_finder_hpp" filename="src/advection/spline_polar_foot_finder.hpp" line-rate="1.0" branch-rate="0.10273972602739725" complexity="0.0"><methods/><lines><line number="51" hits="27" branch="false"/><line number="178" hits="27" branch="false"/><line number="185" hits="27" branch="false"/><line number="186" hits="27" branch="true" condition-coverage="4% (1/24)"><conditions><condition number="0" type="jump" coverage="4%"/></conditions></line><line number="187" hits="27" branch="false"/><line number="188" hits="27" branch="true" condition-coverage="4% (1/24)"><conditions><condition number="0" type="jump" coverage="4%"/></conditions></line><line number="192" hits="27" branch="true" condition-coverage="4% (1/24)"><conditions><condition number="0" type="jump" coverage="4%"/></conditions></line><line number="193" hits="27" branch="true" condition-coverage="4% (1/24)"><conditions><condition number="0" type="jump" coverage="4%"/></conditions></line><line number="195" hits="6" branch="false"/><line number="213" hits="288" branch="false"/><line number="218" hits="288" branch="false"/><line number="219" hits="288" branch="false"/><line number="222" hits="288" branch="true" condition-coverage="50% (1/2)"><conditions><condition number="0" type="jump" coverage="50%"/></conditions></line><line number="223" hits="288" branch="true" condition-coverage="50% (1/2)"><conditions><condition number="0" type="jump" coverage="50%"/></conditions></line><line number="225" hits="288" branch="true" condition-coverage="50% (1/2)"><conditions><condition number="0" type="jump" coverage="50%"/></conditions></line><line number="228" hits="288" branch="true" condition-coverage="66% (2/3)"><conditions><condition number="0" type="jump" coverage="66%"/></conditions></line><line number="230" hits="288" branch="false"/><line number="231" hits="288" branch="true" condition-coverage="66% (2/3)"><conditions><condition number="0" type="jump" coverage="66%"/></conditions></line><line number="233" hits="288" branch="false"/><line number="237" hits="288" branch="true" condition-coverage="50% (1/2)"><conditions><condition number="0" type="jump" coverage="50%"/></conditions></line><line number="238" hits="7344" branch="false"/><line number="240" hits="4896" branch="false"/><line number="241" hits="2448" branch="false"/><line number="244" hits="2448" branch="false"/><line number="245" hits="4896" branch="false"/><line number="246" hits="2448" branch="false"/><line number="249" hits="2448" branch="false"/><line number="252" hits="288" branch="false"/><line number="254" hits="288" branch="true" condition-coverage="50% (1/2)"><conditions><condition number="0" type="jump" coverage="50%"/></conditions></line><line number="255" hits="288" branch="false"/><line number="256" hits="288" branch="true" condition-coverage="50% (1/2)"><conditions><condition number="0" type="jump" coverage="50%"/></conditions></line><line number="257" hits="288" branch="false"/><line number="258" hits="288" branch="true" condition-coverage="50% (1/2)"><conditions><condition number="0" type="jump" coverage="50%"/></conditions></line><line number="262" hits="288" branch="true" condition-coverage="50% (1/2)"><conditions><condition number="0" type="jump" coverage="50%"/></conditions></line><line number="266" hits="2208" branch="false"/><line number="267" hits="2208" branch="false"/><line number="269" hits="147964032" branch="false"/><line number="270" hits="49321344" branch="false"/><line number="272" hits="49321344" branch="false"/><line number="275" hits="49321344" branch="true" condition-coverage="6% (2/32)"><conditions><condition number="0" type="jump" coverage="6%"/></conditions></line><line number="277" hits="49321344" branch="true" condition-coverage="6% (2/32)"><conditions><condition number="0" type="jump" coverage="6%"/></conditions></line><line number="278" hits="38784" branch="false"/><line number="280" hits="49282560" branch="false"/><line number="281" hits="49282560" branch="false"/><line number="282" hits="49282560" branch="false"/><line number="283" hits="49282560" branch="false"/><line number="284" hits="98565120" branch="false"/><line number="289" hits="2208" branch="false"/><line number="291" hits="2208" branch="false"/><line number="296" hits="576" branch="true" condition-coverage="50% (4/8)"><conditions><condition number="0" type="jump" coverage="50%"/></conditions></line><line number="298" hits="288" branch="true" condition-coverage="50% (1/2)"><conditions><condition number="0" type="jump" coverage="50%"/></conditions></line><line number="299" hits="288" branch="false"/><line number="316" hits="2496" branch="false"/><line number="318" hits="2496" branch="false"/><line number="319" hits="2496" branch="false"/><line number="320" hits="2496" branch="false"/><line number="321" hits="2496" branch="true" condition-coverage="50% (1/2)"><conditions><condition number="0" type="jump" coverage="50%"/></conditions></line><line number="322" hits="2496" branch="false"/><line number="323" hits="4992" branch="false"/><line number="325" hits="930816" branch="false"/><line number="326" hits="465408" branch="false"/><line number="327" hits="465408" branch="true" condition-coverage="3% (1/32)"><conditions><condition number="0" type="jump" coverage="3%"/></conditions></line><line number="328" hits="930816" branch="true" condition-coverage="3% (1/32)"><conditions><condition number="0" type="jump" coverage="3%"/></conditions></line><line number="330" hits="465408" branch="false"/><line number="332" hits="930816" branch="true" condition-coverage="3% (1/32)"><conditions><condition number="0" type="jump" coverage="3%"/></conditions></line><line number="336" hits="2496" branch="false"/><line number="353" hits="2208" branch="false"/><line number="355" hits="2208" branch="false"/><line number="356" hits="2208" branch="false"/><line number="357" hits="2208" branch="false"/><line number="358" hits="2208" branch="true" condition-coverage="50% (1/2)"><conditions><condition number="0" type="jump" coverage="50%"/></conditions></line><line number="359" hits="2208" branch="false"/><line number="360" hits="4416" branch="false"/><line number="362" hits="822528" branch="false"/><line number="363" hits="411264" branch="false"/><line number="366" hits="2208" branch="false"/></lines></class></classes></package><package name="src.collisions" line-rate="0.9456521739130435" branch-rate="0.48484848484848486" complexity="0.0"><classes><class name="collision_common_configuration_hpp" filename="src/collisions/collision_common_configuration.hpp" line-rate="0.9807692307692307" branch-rate="0.4827586206896552" complexity="0.0"><methods/><lines><line number="138" hits="1" branch="false"/><line number="143" hits="1" branch="false"/><line number="144" hits="1" branch="true" condition-coverage="50% (1/2)"><conditions><condition number="0" type="jump" coverage="50%"/></conditions></line><line number="145" hits="1" branch="true" condition-coverage="50% (1/2)"><conditions><condition number="0" type="jump" coverage="50%"/></conditions></line><line number="146" hits="1" branch="true" condition-coverage="50% (1/2)"><conditions><condition number="0" type="jump" coverage="50%"/></conditions></line><line number="148" hits="1" branch="true" condition-coverage="50% (1/2)"><conditions><condition number="0" type="jump" coverage="50%"/></conditions></line><line number="150" hits="1" branch="true" condition-coverage="50% (1/2)"><conditions><condition number="0" type="jump" coverage="50%"/></conditions></line><line number="154" hits="1" branch="false"/><line number="155" hits="1" branch="true" condition-coverage="50% (1/2)"><conditions><condition number="0" type="jump" coverage="50%"/></conditions></line><line number="156" hits="1" branch="true" condition-coverage="50% (1/2)"><conditions><condition number="0" type="jump" coverage="50%"/></conditions></line><line number="157" hits="1" branch="true" condition-coverage="50% (1/2)"><conditions><condition number="0" type="jump" coverage="50%"/></conditions></line><line number="158" hits="1" branch="false"/><line number="159" hits="1" branch="true" condition-coverage="50% (1/2)"><conditions><condition number="0" type="jump" coverage="50%"/></conditions></line><line number="160" hits="1" branch="true" condition-coverage="50% (2/4)"><conditions><condition number="0" type="jump" coverage="50%"/></conditions></line><line number="161" hits="1" branch="false"/><line number="162" hits="1" branch="false"/><line number="163" hits="1" branch="false"/><line number="164" hits="1" branch="false"/><line number="165" hits="1" branch="false"/><line number="166" hits="1" branch="true" condition-coverage="50% (1/2)"><conditions><condition number="0" type="jump" coverage="50%"/></conditions></line><line number="168" hits="1" branch="true" condition-coverage="50% (3/6)"><conditions><condition number="0" type="jump" coverage="50%"/></conditions></line><line number="169" hits="1" branch="true" condition-coverage="50% (2/4)"><conditions><condition number="0" type="jump" coverage="50%"/></conditions></line><line number="170" hits="1" branch="true" condition-coverage="50% (1/2)"><conditions><condition number="0" type="jump" coverage="50%"/></conditions></line><line number="171" hits="0" branch="true" condition-coverage="0% (0/2)"><conditions><condition number="0" type="jump" coverage="0%"/></conditions></line><line number="181" hits="1" branch="false"/><line number="186" hits="1" branch="false"/><line number="187" hits="1" branch="true" condition-coverage="50% (1/2)"><conditions><condition number="0" type="jump" coverage="50%"/></conditions></line><line number="192" hits="1" branch="false"/><line number="193" hits="1" branch="true" condition-coverage="50% (1/2)"><conditions><condition number="0" type="jump" coverage="50%"/></conditions></line><line number="201" hits="1" branch="true" condition-coverage="50% (1/2)"><conditions><condition number="0" type="jump" coverage="50%"/></conditions></line><line number="202" hits="1" branch="true" condition-coverage="50% (1/2)"><conditions><condition number="0" type="jump" coverage="50%"/></conditions></line><line number="209" hits="1" branch="true" condition-coverage="50% (1/2)"><conditions><condition number="0" type="jump" coverage="50%"/></conditions></line><line number="210" hits="1" branch="false"/><line number="211" hits="2" branch="true" condition-coverage="50% (2/4)"><conditions><condition number="0" type="jump" coverage="50%"/></conditions></line><line number="212" hits="1" branch="true" condition-coverage="50% (1/2)"><conditions><condition number="0" type="jump" coverage="50%"/></conditions></line><line number="215" hits="1" branch="true" condition-coverage="50% (2/4)"><conditions><condition number="0" type="jump" coverage="50%"/></conditions></line><line number="216" hits="1" branch="false"/><line number="233" hits="1" branch="false"/><line number="237" hits="1" branch="false"/><line number="238" hits="2" branch="false"/><line number="239" hits="1" branch="false"/><line number="240" hits="256" branch="false"/><line number="241" hits="256" branch="false"/><line number="243" hits="256" branch="false"/><line number="245" hits="1" branch="false"/><line number="262" hits="22" branch="false"/><line number="264" hits="22" branch="false"/><line number="277" hits="21" branch="false"/><line number="280" hits="11" branch="false"/><line number="282" hits="10" branch="false"/><line number="295" hits="16" branch="false"/><line number="297" hits="16" branch="false"/></lines></class><class name="collision_operator_cpp" filename="src/collisions/collision_operator.cpp" line-rate="0.7777777777777778" branch-rate="0.5" complexity="0.0"><methods/><lines><line number="19" hits="1" branch="false"/><line number="40" hits="1" branch="false"/><line number="42" hits="1" branch="true" condition-coverage="50% (1/2)"><conditions><condition number="0" type="jump" coverage="50%"/></conditions></line><line number="70" hits="0" branch="false"/><line number="73" hits="1" branch="false"/><line number="76" hits="1" branch="false"/><line number="78" hits="1" branch="true" condition-coverage="50% (1/2)"><conditions><condition number="0" type="jump" coverage="50%"/></conditions></line><line number="79" hits="0" branch="false"/><line number="81" hits="1" branch="false"/></lines></class><class name="collision_operator_hpp" filename="src/collisions/collision_operator.hpp" line-rate="0.9354838709677419" branch-rate="0.5" complexity="0.0"><methods/><lines><line number="102" hits="1" branch="false"/><line number="103" hits="1" branch="false"/><line number="104" hits="1" branch="false"/><line number="105" hits="1" branch="false"/><line number="106" hits="1" branch="false"/><line number="107" hits="1" branch="false"/><line number="108" hits="1" branch="false"/><line number="109" hits="1" branch="false"/><line number="110" hits="1" branch="false"/><line number="112" hits="1" branch="false"/><line number="113" hits="1" branch="false"/><line number="114" hits="1" branch="false"/><line number="116" hits="1" branch="false"/><line number="117" hits="1" branch="false"/><line number="118" hits="1" branch="false"/><line number="119" hits="1" branch="false"/><line number="120" hits="1" branch="false"/><line number="121" hits="1" branch="false"/><line number="122" hits="1" branch="false"/><line number="123" hits="1" branch="false"/><line number="126" hits="1" branch="false"/><line number="131" hits="1" branch="false"/><line number="133" hits="1" branch="false"/><line number="134" hits="1" branch="false"/><line number="146" hits="11" branch="false"/><line number="149" hits="11" branch="true" condition-coverage="50% (1/2)"><conditions><condition number="0" type="jump" coverage="50%"/></conditions></line><line number="150" hits="11" branch="false"/><line number="154" hits="0" branch="false"/><line number="158" hits="11" branch="true" condition-coverage="50% (1/2)"><conditions><condition number="0" type="jump" coverage="50%"/></conditions></line><line number="160" hits="0" branch="false"/><line number="162" hits="11" branch="false"/></lines></class></classes></package><package name="src.data_types" line-rate="0.9921875" branch-rate="0.29203084832904885" complexity="0.0"><classes><class name="deriv_details_hpp" filename="src/data_types/deriv_details.hpp" line-rate="1.0" branch-rate="1.0" complexity="0.0"><methods/><lines><line number="118" hits="138" branch="false"/><line number="124" hits="32" branch="false"/><line number="126" hits="60" branch="false"/><line number="129" hits="16" branch="false"/><line number="130" hits="46" branch="false"/><line number="131" hits="76" branch="false"/><line number="164" hits="180" branch="false"/><line number="166" hits="180" branch="false"/><line number="179" hits="13" branch="false"/><line number="181" hits="13" branch="false"/></lines></class><class name="derivative_field_common_hpp" filename="src/data_types/derivative_field_common.hpp" line-rate="1.0" branch-rate="0.75" complexity="0.0"><methods/><lines><line number="195" hits="246" branch="false"/><line number="199" hits="246" branch="false"/><line number="200" hits="241" branch="false"/><line number="214" hits="632" branch="false"/><line number="223" hits="308" branch="true" condition-coverage="100% (2/2)"><conditions><condition number="0" type="jump" coverage="100%"/></conditions></line><line number="225" hits="92" branch="false"/><line number="226" hits="92" branch="false"/><line number="231" hits="216" branch="false"/><line number="232" hits="216" branch="false"/><line number="233" hits="216" branch="false"/><line number="237" hits="324" branch="true" condition-coverage="100% (2/2)"><conditions><condition number="0" type="jump" coverage="100%"/></conditions></line><line number="239" hits="92" branch="false"/><line number="242" hits="232" branch="true" condition-coverage="50% (1/2)"><conditions><condition number="0" type="jump" coverage="50%"/></conditions></line><line number="243" hits="232" branch="false"/><line number="260" hits="122" branch="false"/><line number="270" hits="46" branch="false"/><line number="271" hits="46" branch="true" condition-coverage="100% (2/2)"><conditions><condition number="0" type="jump" coverage="100%"/></conditions></line><line number="273" hits="16" branch="true" condition-coverage="50% (1/2)"><conditions><condition number="0" type="jump" coverage="50%"/></conditions></line><line number="274" hits="16" branch="false"/><line number="275" hits="16" branch="false"/><line number="276" hits="16" branch="false"/><line number="281" hits="44" branch="false"/><line number="282" hits="44" branch="false"/><line number="283" hits="44" branch="false"/><line number="284" hits="44" branch="false"/><line number="285" hits="74" branch="false"/><line number="289" hits="62" branch="true" condition-coverage="100% (2/2)"><conditions><condition number="0" type="jump" coverage="100%"/></conditions></line><line number="291" hits="32" branch="false"/><line number="292" hits="32" branch="false"/><line number="293" hits="32" branch="false"/><line number="296" hits="30" branch="true" condition-coverage="50% (1/2)"><conditions><condition number="0" type="jump" coverage="50%"/></conditions></line><line number="297" hits="30" branch="true" condition-coverage="50% (1/2)"><conditions><condition number="0" type="jump" coverage="50%"/></conditions></line><line number="299" hits="30" branch="false"/><line number="317" hits="30" branch="false"/><line number="329" hits="26" branch="false"/><line number="331" hits="30" branch="false"/><line number="335" hits="30" branch="false"/><line number="338" hits="30" branch="false"/><line number="341" hits="30" branch="false"/><line number="344" hits="30" branch="false"/><line number="347" hits="30" branch="false"/><line number="353" hits="30" branch="false"/><line number="357" hits="4" branch="false"/><line number="359" hits="26" branch="false"/><line number="375" hits="158" branch="false"/><line number="403" hits="84" branch="false"/><line number="405" hits="158" branch="false"/><line number="406" hits="158" branch="false"/><line number="409" hits="158" branch="false"/><line number="412" hits="158" branch="false"/><line number="415" hits="158" branch="false"/><line number="418" hits="158" branch="false"/><line number="421" hits="158" branch="false"/><line number="427" hits="158" branch="false"/><line number="429" hits="158" branch="false"/><line number="440" hits="25" branch="false"/><line number="444" hits="25" branch="false"/><line number="445" hits="25" branch="false"/><line number="446" hits="25" branch="false"/><line number="478" hits="4" branch="false"/><line number="480" hits="2" branch="false"/><line number="495" hits="6" branch="false"/><line number="497" hits="2" branch="false"/><line number="529" hits="16" branch="false"/><line number="539" hits="16" branch="false"/><line number="541" hits="12" branch="false"/><line number="543" hits="16" branch="false"/><line number="545" hits="16" branch="false"/><line number="547" hits="16" branch="false"/><line number="548" hits="20" branch="false"/><line number="550" hits="16" branch="false"/><line number="552" hits="16" branch="false"/><line number="553" hits="16" branch="false"/><line number="561" hits="2" branch="false"/><line number="564" hits="2" branch="false"/><line number="574" hits="9" branch="false"/><line number="577" hits="7" branch="false"/></lines></class><class name="derivative_field_hpp" filename="src/data_types/derivative_field.hpp" line-rate="1.0" branch-rate="0.6666666666666666" complexity="0.0"><methods/><lines><line number="48" hits="4" branch="false"/><line number="50" hits="8" branch="true" condition-coverage="50% (1/2)"><conditions><condition number="0" type="jump" coverage="50%"/></conditions></line><line number="52" hits="4" branch="false"/><line number="53" hits="4" branch="false"/><line number="55" hits="4" branch="false"/><line number="57" hits="4" branch="false"/><line number="184" hits="34" branch="false"/><line number="190" hits="23" branch="false"/><line number="194" hits="23" branch="false"/><line number="198" hits="34" branch="false"/><line number="204" hits="68" branch="false"/><line number="206" hits="68" branch="false"/><line number="211" hits="22" branch="false"/><line number="215" hits="22" branch="false"/><line number="218" hits="22" branch="false"/><line number="220" hits="8" branch="false"/><line number="222" hits="8" branch="false"/><line number="223" hits="8" branch="false"/><line number="224" hits="8" branch="false"/><line number="225" hits="8" branch="false"/><line number="230" hits="8" branch="false"/><line number="258" hits="22" branch="false"/><line number="263" hits="22" branch="false"/><line number="265" hits="22" branch="false"/><line number="266" hits="22" branch="false"/><line number="329" hits="2" branch="false"/><line number="332" hits="6" branch="true" condition-coverage="100% (2/2)"><conditions><condition number="0" type="jump" coverage="100%"/></conditions></line><line number="333" hits="4" branch="false"/><line number="334" hits="4" branch="false"/><line number="335" hits="4" branch="true" condition-coverage="50% (1/2)"><conditions><condition number="0" type="jump" coverage="50%"/></conditions></line><line number="337" hits="2" branch="false"/><line number="367" hits="150" branch="false"/><line number="371" hits="150" branch="false"/><line number="372" hits="150" branch="false"/><line number="396" hits="1" branch="false"/><line number="398" hits="1" branch="false"/></lines></class><class name="derivative_field_mem_hpp" filename="src/data_types/derivative_field_mem.hpp" line-rate="1.0" branch-rate="0.6" complexity="0.0"><methods/><lines><line number="193" hits="352" branch="false"/><line number="204" hits="152" branch="false"/><line number="205" hits="152" branch="false"/><line number="207" hits="152" branch="false"/><line number="208" hits="152" branch="false"/><line number="211" hits="48" branch="false"/><line number="212" hits="48" branch="false"/><line number="219" hits="88" branch="false"/><line number="221" hits="88" branch="true" condition-coverage="66% (2/3)"><conditions><condition number="0" type="jump" coverage="66%"/></conditions></line><line number="222" hits="176" branch="true" condition-coverage="50% (1/2)"><conditions><condition number="0" type="jump" coverage="50%"/></conditions></line><line number="224" hits="88" branch="false"/><line number="225" hits="88" branch="false"/><line number="227" hits="88" branch="false"/><line number="228" hits="88" branch="false"/><line number="229" hits="88" branch="false"/><line number="230" hits="88" branch="false"/><line number="235" hits="28" branch="false"/><line number="237" hits="28" branch="false"/><line number="239" hits="28" branch="false"/><line number="250" hits="14" branch="false"/><line number="253" hits="12" branch="false"/><line number="266" hits="28" branch="false"/><line number="272" hits="28" branch="false"/><line number="273" hits="28" branch="false"/><line number="274" hits="28" branch="false"/><line number="275" hits="44" branch="false"/><line number="279" hits="28" branch="false"/><line number="280" hits="28" branch="false"/><line number="364" hits="4" branch="false"/><line number="366" hits="2" branch="false"/></lines></class><class name="idx_range_slice_hpp" filename="src/data_types/idx_range_slice.hpp" line-rate="0.9772727272727273" branch-rate="0.7058823529411765" complexity="0.0"><methods/><lines><line number="63" hits="34" branch="false"/><line number="67" hits="34" branch="false"/><line number="68" hits="34" branch="false"/><line number="69" hits="14" branch="false"/><line number="81" hits="144" branch="false"/><line number="82" hits="144" branch="false"/><line number="83" hits="144" branch="false"/><line number="84" hits="144" branch="false"/><line number="86" hits="144" branch="false"/><line number="96" hits="652" branch="false"/><line number="102" hits="652" branch="false"/><line number="103" hits="652" branch="false"/><line number="115" hits="16" branch="true" condition-coverage="50% (1/2)"><conditions><condition number="0" type="jump" coverage="50%"/></conditions></line><line number="120" hits="16" branch="false"/><line number="121" hits="16" branch="true" condition-coverage="50% (2/4)"><conditions><condition number="0" type="jump" coverage="50%"/></conditions></line><line number="122" hits="0" branch="true" condition-coverage="0% (0/2)"><conditions><condition number="0" type="jump" coverage="0%"/></conditions></line><line number="123" hits="16" branch="false"/><line number="135" hits="492" branch="false"/><line number="137" hits="492" branch="true" condition-coverage="50% (1/2)"><conditions><condition number="0" type="jump" coverage="50%"/></conditions></line><line number="138" hits="492" branch="false"/><line number="146" hits="164" branch="false"/><line number="148" hits="164" branch="false"/><line number="169" hits="8" branch="false"/><line number="171" hits="8" branch="false"/><line number="179" hits="90" branch="false"/><line number="181" hits="18" branch="false"/><line number="189" hits="2" branch="false"/><line number="191" hits="2" branch="false"/><line number="212" hits="88" branch="false"/><line number="214" hits="88" branch="false"/><line number="223" hits="72" branch="false"/><line number="226" hits="72" branch="false"/><line number="235" hits="72" branch="false"/><line number="238" hits="72" branch="false"/><line number="273" hits="72" branch="false"/><line number="276" hits="72" branch="false"/><line number="277" hits="72" branch="false"/><line number="285" hits="128" branch="false"/><line number="287" hits="128" branch="true" condition-coverage="50% (4/8)"><conditions><condition number="0" type="jump" coverage="50%"/></conditions></line><line number="294" hits="256" branch="false"/><line number="296" hits="256" branch="false"/><line number="297" hits="256" branch="false"/><line number="374" hits="164" branch="false"/><line number="378" hits="164" branch="true" condition-coverage="100% (16/16)"><conditions><condition number="0" type="jump" coverage="100%"/></conditions></line></lines></class><class name="indexed_tensor_hpp" filename="src/data_types/indexed_tensor.hpp" line-rate="1.0" branch-rate="1.0" complexity="0.0"><methods/><lines><line number="50" hits="29916782" branch="false"/><line number="66" hits="65983186" branch="false"/><line number="68" hits="65983186" branch="false"/><line number="75" hits="65983604" branch="false"/><line number="77" hits="65983604" branch="false"/><line number="101" hits="39889252" branch="false"/><line number="107" hits="39889252" branch="false"/><line number="115" hits="131967212" branch="false"/><line number="124" hits="840" branch="false"/><line number="127" hits="840" branch="false"/><line number="130" hits="131966372" branch="false"/><line number="133" hits="131966372" branch="false"/><line number="134" hits="131966372" branch="false"/><line number="137" hits="131966368" branch="false"/><line number="140" hits="131967212" branch="false"/><line number="147" hits="19847818" branch="false"/><line number="152" hits="19847818" branch="false"/><line number="153" hits="19847818" branch="false"/><line number="158" hits="9972261" branch="false"/><line number="164" hits="9972261" branch="false"/><line number="166" hits="9972261" branch="false"/><line number="183" hits="9972261" branch="false"/><line number="204" hits="39889252" branch="false"/><line number="212" hits="39889252" branch="false"/><line number="227" hits="9972261" branch="false"/><line number="236" hits="9972261" branch="false"/><line number="249" hits="105" branch="false"/><line number="250" hits="105" branch="false"/><line number="255" hits="105" branch="false"/><line number="259" hits="9972156" branch="false"/><line number="260" hits="9972156" branch="false"/><line number="261" hits="9972156" branch="false"/><line number="266" hits="9972156" branch="false"/></lines></class><class name="tensor_hpp" filename="src/data_types/tensor.hpp" line-rate="1.0" branch-rate="0.6065292096219931" complexity="0.0"><methods/><lines><line number="90" hits="9985226" branch="false"/><line number="92" hits="43029106" branch="true" condition-coverage="100% (16/16)"><conditions><condition number="0" type="jump" coverage="100%"/></conditions></line><line number="93" hits="33043880" branch="false"/><line number="107" hits="88379246" branch="false"/><line number="150" hits="59847751" branch="true" condition-coverage="37% (3/8)"><conditions><condition number="0" type="jump" coverage="37%"/></conditions></line><line number="162" hits="115594814" branch="true" condition-coverage="50% (6/12)"><conditions><condition number="0" type="jump" coverage="50%"/></conditions></line><line number="197" hits="49762036" branch="false"/><line number="199" hits="149390556" branch="true" condition-coverage="55% (10/18)"><conditions><condition number="0" type="jump" coverage="55%"/></conditions></line><line number="200" hits="99628520" branch="false"/><line number="212" hits="13191" branch="false"/><line number="214" hits="65713" branch="true" condition-coverage="100% (8/8)"><conditions><condition number="0" type="jump" coverage="100%"/></conditions></line><line number="215" hits="52522" branch="false"/><line number="225" hits="39232467" branch="false"/><line number="227" hits="163970425" branch="true" condition-coverage="80% (8/10)"><conditions><condition number="0" type="jump" coverage="80%"/></conditions></line><line number="228" hits="111461798" branch="false"/><line number="238" hits="57591" branch="false"/><line number="240" hits="187393" branch="true" condition-coverage="100% (24/24)"><conditions><condition number="0" type="jump" coverage="100%"/></conditions></line><line number="241" hits="129802" branch="false"/><line number="253" hits="72388469" branch="false"/><line number="255" hits="72353653" branch="false"/><line number="256" hits="72388469" branch="false"/><line number="257" hits="72336245" branch="false"/><line number="267" hits="120" branch="false"/><line number="269" hits="120" branch="false"/><line number="270" hits="120" branch="false"/><line number="271" hits="120" branch="false"/><line number="279" hits="49313216" branch="false"/><line number="281" hits="49313216" branch="false"/><line number="282" hits="22787008" branch="false"/><line number="283" hits="49287104" branch="false"/><line number="291" hits="57590" branch="false"/><line number="293" hits="57590" branch="false"/><line number="294" hits="57590" branch="true" condition-coverage="79% (19/24)"><conditions><condition number="0" type="jump" coverage="79%"/></conditions></line><line number="295" hits="50280" branch="false"/><line number="302" hits="5760" branch="false"/><line number="305" hits="17280" branch="true" condition-coverage="100% (2/2)"><conditions><condition number="0" type="jump" coverage="100%"/></conditions></line><line number="306" hits="11520" branch="false"/><line number="308" hits="5760" branch="false"/><line number="403" hits="61402848" branch="true" condition-coverage="75% (75/100)"><conditions><condition number="0" type="jump" coverage="75%"/></conditions></line><line number="441" hits="23091884" branch="false"/><line number="445" hits="23090309" branch="false"/><line number="473" hits="49321344" branch="true" condition-coverage="6% (2/32)"><conditions><condition number="0" type="jump" coverage="6%"/></conditions></line><line number="477" hits="49321344" branch="true" condition-coverage="6% (2/32)"><conditions><condition number="0" type="jump" coverage="6%"/></conditions></line><line number="159" hits="1152" branch="false"/><line number="413" hits="600" branch="true" condition-coverage="50% (38/76)"><conditions><condition number="0" type="jump" coverage="50%"/></conditions></line><line number="417" hits="638" branch="true" condition-coverage="50% (44/88)"><conditions><condition number="0" type="jump" coverage="50%"/></conditions></line><line number="120" hits="144024" branch="false"/><line number="316" hits="19520" branch="false"/><line number="319" hits="97600" branch="true" condition-coverage="100% (12/12)"><conditions><condition number="0" type="jump" coverage="100%"/></conditions></line><line number="320" hits="78080" branch="true" condition-coverage="50% (12/24)"><conditions><condition number="0" type="jump" coverage="50%"/></conditions></line><line number="147" hits="29208" branch="false"/><line number="399" hits="7357" branch="true" condition-coverage="75% (72/96)"><conditions><condition number="0" type="jump" coverage="75%"/></conditions></line><line number="489" hits="11300" branch="false"/><line number="493" hits="11300" branch="false"/></lines></class><class name="vector_field_common_hpp" filename="src/data_types/vector_field_common.hpp" line-rate="1.0" branch-rate="0.25190839694656486" complexity="0.0"><methods/><lines><line number="35" hits="43" branch="false"/><line number="41" hits="82" branch="false"/><line number="43" hits="43" branch="false"/><line number="44" hits="43" branch="false"/><line number="48" hits="3296557" branch="false"/><line number="51" hits="3296199" branch="false"/><line number="55" hits="50240098" branch="true" condition-coverage="44% (12/27)"><conditions><condition number="0" type="jump" coverage="44%"/></conditions></line><line number="58" hits="50234890" branch="true" condition-coverage="17% (17/98)"><conditions><condition number="0" type="jump" coverage="17%"/></conditions></line><line number="65" hits="929" branch="false"/><line number="112" hits="1636" branch="false"/><line number="123" hits="439253" branch="false"/><line number="124" hits="439253" branch="false"/><line number="129" hits="3280" branch="false"/><line number="131" hits="3186" branch="true" condition-coverage="66% (4/6)"><conditions><condition number="0" type="jump" coverage="66%"/></conditions></line><line number="138" hits="122" branch="false"/><line number="140" hits="122" branch="false"/><line number="149" hits="43" branch="false"/><line number="151" hits="51" branch="false"/><line number="152" hits="127" branch="false"/><line number="153" hits="49" branch="false"/><line number="155" hits="43" branch="false"/></lines></class><class name="vector_field_hpp" filename="src/data_types/vector_field.hpp" line-rate="1.0" branch-rate="0.0981067125645439" complexity="0.0"><methods/><lines><line number="149" hits="657211" branch="false"/><line number="152" hits="657211" branch="false"/><line number="153" hits="657211" branch="false"/><line number="155" hits="657211" branch="false"/><line number="167" hits="274" branch="false"/><line number="170" hits="274" branch="false"/><line number="171" hits="274" branch="false"/><line number="173" hits="274" branch="false"/><line number="179" hits="4489" branch="false"/><line number="187" hits="4489" branch="false"/><line number="188" hits="4489" branch="false"/><line number="190" hits="4489" branch="false"/><line number="212" hits="302520183" branch="false"/><line number="216" hits="302520183" branch="false"/><line number="240" hits="378" branch="false"/><line number="243" hits="435382" branch="true" condition-coverage="4% (11/234)"><conditions><condition number="0" type="jump" coverage="4%"/></conditions></line><line number="256" hits="257" branch="false"/><line number="259" hits="257" branch="true" condition-coverage="0% (0/6)"><conditions><condition number="0" type="jump" coverage="0%"/></conditions></line><line number="271" hits="2836" branch="false"/><line number="277" hits="5619" branch="false"/><line number="325" hits="2783" branch="false"/><line number="327" hits="3527" branch="true" condition-coverage="10% (31/308)"><conditions><condition number="0" type="jump" coverage="10%"/></conditions></line><line number="338" hits="831" branch="false"/><line number="340" hits="339" branch="false"/><line number="361" hits="151260006" branch="false"/><line number="363" hits="151254486" branch="false"/><line number="404" hits="106120275" branch="false"/><line number="407" hits="53076191" branch="true" condition-coverage="45% (15/33)"><conditions><condition number="0" type="jump" coverage="45%"/></conditions></line><line number="483" hits="52" branch="false"/><line number="493" hits="52" branch="false"/><line number="522" hits="472992" branch="false"/><line number="532" hits="472992" branch="false"/><line number="533" hits="472992" branch="false"/><line number="193" hits="19" branch="false"/><line number="195" hits="19" branch="false"/><line number="197" hits="19" branch="false"/><line number="204" hits="19" branch="false"/><line number="301" hits="25" branch="false"/><line number="378" hits="13" branch="false"/><line number="380" hits="13" branch="false"/><line number="290" hits="1" branch="false"/><line number="291" hits="1" branch="false"/><line number="293" hits="1" branch="false"/><line number="348" hits="156" branch="false"/><line number="351" hits="198" branch="false"/><line number="353" hits="198" branch="false"/><line number="393" hits="2" branch="false"/><line number="395" hits="2" branch="false"/></lines></class><class name="vector_field_mem_hpp" filename="src/data_types/vector_field_mem.hpp" line-rate="0.9354838709677419" branch-rate="0.13898305084745763" complexity="0.0"><methods/><lines><line number="124" hits="3240" branch="false"/><line number="128" hits="6480" branch="true" condition-coverage="50% (1/2)"><conditions><condition number="0" type="jump" coverage="50%"/></conditions></line><line number="130" hits="3240" branch="false"/><line number="137" hits="7194" branch="false"/><line number="140" hits="7194" branch="false"/><line number="153" hits="454" branch="true" condition-coverage="38% (14/36)"><conditions><condition number="0" type="jump" coverage="38%"/></conditions></line><line number="154" hits="876" branch="true" condition-coverage="17% (39/218)"><conditions><condition number="0" type="jump" coverage="17%"/></conditions></line><line number="165" hits="169" branch="true" condition-coverage="50% (3/6)"><conditions><condition number="0" type="jump" coverage="50%"/></conditions></line><line number="175" hits="4" branch="true" condition-coverage="50% (2/4)"><conditions><condition number="0" type="jump" coverage="50%"/></conditions></line><line number="177" hits="880" branch="false"/><line number="187" hits="247" branch="false"/><line number="189" hits="247" branch="true" condition-coverage="0% (0/6)"><conditions><condition number="0" type="jump" coverage="0%"/></conditions></line><line number="200" hits="6" branch="false"/><line number="202" hits="6" branch="false"/><line number="213" hits="435374" branch="false"/><line number="215" hits="435373" branch="true" condition-coverage="4% (11/230)"><conditions><condition number="0" type="jump" coverage="4%"/></conditions></line><line number="223" hits="546" branch="false"/><line number="225" hits="954" branch="false"/><line number="227" hits="588" branch="false"/><line number="252" hits="4" branch="false"/><line number="254" hits="4" branch="false"/><line number="283" hits="4" branch="false"/><line number="285" hits="4" branch="false"/><line number="298" hits="0" branch="false"/><line number="300" hits="0" branch="false"/><line number="309" hits="436132" branch="false"/><line number="312" hits="461496" branch="true" condition-coverage="13% (12/88)"><conditions><condition number="0" type="jump" coverage="13%"/></conditions></line><line number="321" hits="257" branch="false"/><line number="324" hits="261" branch="false"/><line number="235" hits="5280" branch="false"/><line number="237" hits="5280" branch="false"/></lines></class></classes></package><package name="src.geometryRTheta.advection" line-rate="1.0" branch-rate="0.11206896551724138" complexity="0.0"><classes><class name="bsl_advection_rtheta_hpp" filename="src/geometryRTheta/advection/bsl_advection_rtheta.hpp" line-rate="1.0" branch-rate="0.14285714285714285" complexity="0.0"><methods/><lines><line number="97" hits="27" branch="false"/><line number="101" hits="27" branch="false"/><line number="102" hits="27" branch="true" condition-coverage="3% (1/32)"><conditions><condition number="0" type="jump" coverage="3%"/></conditions></line><line number="103" hits="27" branch="true" condition-coverage="3% (1/32)"><conditions><condition number="0" type="jump" coverage="3%"/></conditions></line><line number="107" hits="27" branch="false"/><line number="123" hits="288" branch="false"/><line number="129" hits="288" branch="false"/><line number="130" hits="288" branch="false"/><line number="133" hits="288" branch="true" condition-coverage="50% (1/2)"><conditions><condition number="0" type="jump" coverage="50%"/></conditions></line><line number="134" hits="288" branch="false"/><line number="135" hits="288" branch="false"/><line number="136" hits="576" branch="false"/><line number="137" hits="288" branch="true" condition-coverage="50% (1/2)"><conditions><condition number="0" type="jump" coverage="50%"/></conditions></line><line number="138" hits="13181184" branch="false"/><line number="139" hits="6590592" branch="false"/><line number="143" hits="288" branch="true" condition-coverage="50% (1/2)"><conditions><condition number="0" type="jump" coverage="50%"/></conditions></line><line number="146" hits="288" branch="true" condition-coverage="50% (1/2)"><conditions><condition number="0" type="jump" coverage="50%"/></conditions></line><line number="148" hits="288" branch="false"/><line number="149" hits="288" branch="false"/><line number="169" hits="24" branch="false"/><line number="175" hits="24" branch="true" condition-coverage="50% (1/2)"><conditions><condition number="0" type="jump" coverage="50%"/></conditions></line><line number="176" hits="24" branch="false"/><line number="178" hits="24" branch="false"/><line number="179" hits="24" branch="false"/><line number="180" hits="24" branch="false"/><line number="184" hits="24" branch="false"/><line number="185" hits="24" branch="false"/><line number="187" hits="24" branch="true" condition-coverage="50% (1/2)"><conditions><condition number="0" type="jump" coverage="50%"/></conditions></line><line number="190" hits="24" branch="false"/><line number="191" hits="24" branch="true" condition-coverage="50% (1/2)"><conditions><condition number="0" type="jump" coverage="50%"/></conditions></line><line number="193" hits="24" branch="false"/><line number="194" hits="21120" branch="false"/><line number="196" hits="21120" branch="false"/><line number="198" hits="21120" branch="false"/><line number="203" hits="21120" branch="false"/><line number="206" hits="24" branch="false"/><line number="207" hits="24" branch="true" condition-coverage="50% (1/2)"><conditions><condition number="0" type="jump" coverage="50%"/></conditions></line><line number="209" hits="1920" branch="false"/><line number="210" hits="960" branch="false"/><line number="216" hits="24" branch="true" condition-coverage="50% (1/2)"><conditions><condition number="0" type="jump" coverage="50%"/></conditions></line><line number="218" hits="24" branch="true" condition-coverage="50% (1/2)"><conditions><condition number="0" type="jump" coverage="50%"/></conditions></line><line number="220" hits="24" branch="false"/><line number="221" hits="24" branch="false"/></lines></class><class name="iadvection_rtheta_hpp" filename="src/geometryRTheta/advection/iadvection_rtheta.hpp" line-rate="1.0" branch-rate="0.03125" complexity="0.0"><methods/><lines><line number="12" hits="27" branch="true" condition-coverage="3% (1/32)"><conditions><condition number="0" type="jump" coverage="3%"/></conditions></line><line number="15" hits="27" branch="false"/></lines></class></classes></package><package name="src.geometryRTheta.advection_field" line-rate="0.975609756097561" branch-rate="0.5" complexity="0.0"><classes><class name="advection_field_rtheta_hpp" filename="src/geometryRTheta/advection_field/advection_field_rtheta.hpp" line-rate="0.975609756097561" branch-rate="0.5" complexity="0.0"><methods/><lines><line number="121" hits="3" branch="false"/><line number="122" hits="3" branch="false"/><line number="123" hits="3" branch="true" condition-coverage="50% (1/2)"><conditions><condition number="0" type="jump" coverage="50%"/></conditions></line><line number="124" hits="3" branch="false"/><line number="125" hits="3" branch="true" condition-coverage="50% (1/2)"><conditions><condition number="0" type="jump" coverage="50%"/></conditions></line><line number="141" hits="3" branch="false"/><line number="145" hits="3" branch="false"/><line number="148" hits="3" branch="false"/><line number="149" hits="3" branch="false"/><line number="150" hits="3" branch="true" condition-coverage="50% (1/2)"><conditions><condition number="0" type="jump" coverage="50%"/></conditions></line><line number="151" hits="3" branch="true" condition-coverage="50% (1/2)"><conditions><condition number="0" type="jump" coverage="50%"/></conditions></line><line number="153" hits="6" branch="false"/><line number="154" hits="3" branch="false"/><line number="167" hits="3" branch="false"/><line number="171" hits="3" branch="true" condition-coverage="50% (1/2)"><conditions><condition number="0" type="jump" coverage="50%"/></conditions></line><line number="175" hits="3" branch="false"/><line number="210" hits="3" branch="false"/><line number="225" hits="3" branch="false"/><line number="226" hits="3" branch="false"/><line number="228" hits="3" branch="true" condition-coverage="50% (1/2)"><conditions><condition number="0" type="jump" coverage="50%"/></conditions></line><line number="229" hits="3" branch="true" condition-coverage="50% (1/2)"><conditions><condition number="0" type="jump" coverage="50%"/></conditions></line><line number="230" hits="2760" branch="false"/><line number="234" hits="3" branch="false"/><line number="236" hits="3" branch="true" condition-coverage="50% (1/2)"><conditions><condition number="0" type="jump" coverage="50%"/></conditions></line><line number="240" hits="3" branch="true" condition-coverage="50% (1/2)"><conditions><condition number="0" type="jump" coverage="50%"/></conditions></line><line number="245" hits="3" branch="false"/><line number="248" hits="5523" branch="false"/><line number="249" hits="2760" branch="false"/><line number="250" hits="2760" branch="true" condition-coverage="100% (2/2)"><conditions><condition number="0" type="jump" coverage="100%"/></conditions></line><line number="252" hits="2760" branch="true" condition-coverage="100% (2/2)"><conditions><condition number="0" type="jump" coverage="100%"/></conditions></line><line number="253" hits="2640" branch="false"/><line number="256" hits="2640" branch="false"/><line number="261" hits="2640" branch="false"/><line number="264" hits="2640" branch="false"/><line number="265" hits="2640" branch="false"/><line number="269" hits="120" branch="false"/><line number="270" hits="120" branch="false"/><line number="273" hits="120" branch="false"/><line number="274" hits="120" branch="false"/><line number="276" hits="120" branch="false"/><line number="278" hits="120" branch="false"/><line number="281" hits="120" branch="false"/><line number="283" hits="120" branch="false"/><line number="286" hits="120" branch="false"/><line number="289" hits="120" branch="false"/><line number="293" hits="120" branch="false"/><line number="295" hits="120" branch="false"/><line number="296" hits="120" branch="false"/><line number="297" hits="120" branch="false"/><line number="300" hits="120" branch="false"/><line number="303" hits="120" branch="false"/><line number="305" hits="120" branch="false"/><line number="307" hits="120" branch="false"/><line number="319" hits="120" branch="false"/><line number="321" hits="120" branch="false"/><line number="322" hits="120" branch="false"/><line number="325" hits="120" branch="false"/><line number="326" hits="120" branch="false"/><line number="330" hits="2760" branch="false"/><line number="331" hits="2760" branch="false"/><line number="332" hits="2760" branch="false"/><line number="333" hits="2760" branch="false"/><line number="335" hits="3" branch="false"/><line number="356" hits="3" branch="false"/><line number="361" hits="3" branch="false"/><line number="364" hits="3" branch="false"/><line number="365" hits="3" branch="false"/><line number="366" hits="3" branch="true" condition-coverage="50% (1/2)"><conditions><condition number="0" type="jump" coverage="50%"/></conditions></line><line number="367" hits="3" branch="true" condition-coverage="50% (1/2)"><conditions><condition number="0" type="jump" coverage="50%"/></conditions></line><line number="369" hits="6" branch="false"/><line number="372" hits="3" branch="false"/><line number="387" hits="3" branch="false"/><line number="392" hits="3" branch="true" condition-coverage="50% (1/2)"><conditions><condition number="0" type="jump" coverage="50%"/></conditions></line><line number="397" hits="3" branch="false"/><line number="440" hits="3" branch="false"/><line number="456" hits="3" branch="false"/><line number="458" hits="3" branch="false"/><line number="459" hits="3" branch="true" condition-coverage="50% (1/2)"><conditions><condition number="0" type="jump" coverage="50%"/></conditions></line><line number="460" hits="2640" branch="false"/><line number="464" hits="3" branch="false"/><line number="466" hits="3" branch="true" condition-coverage="50% (1/2)"><conditions><condition number="0" type="jump" coverage="50%"/></conditions></line><line number="470" hits="3" branch="true" condition-coverage="50% (1/2)"><conditions><condition number="0" type="jump" coverage="50%"/></conditions></line><line number="475" hits="3" branch="false"/><line number="478" hits="3" branch="false"/><line number="479" hits="2640" branch="false"/><line number="482" hits="2640" branch="false"/><line number="484" hits="2640" branch="false"/><line number="485" hits="2640" branch="false"/><line number="489" hits="2640" branch="false"/><line number="492" hits="2640" branch="false"/><line number="493" hits="2640" branch="false"/><line number="494" hits="2640" branch="false"/><line number="495" hits="2640" branch="false"/><line number="496" hits="2640" branch="false"/><line number="497" hits="2640" branch="false"/><line number="498" hits="2640" branch="false"/><line number="499" hits="2640" branch="false"/><line number="500" hits="5280" branch="false"/><line number="501" hits="2640" branch="false"/><line number="502" hits="2640" branch="false"/><line number="503" hits="2640" branch="false"/><line number="504" hits="2640" branch="false"/><line number="505" hits="2640" branch="false"/><line number="510" hits="3" branch="false"/><line number="511" hits="3" branch="false"/><line number="514" hits="3" branch="false"/><line number="515" hits="3" branch="false"/><line number="518" hits="3" branch="false"/><line number="520" hits="3" branch="false"/><line number="523" hits="3" branch="false"/><line number="525" hits="3" branch="false"/><line number="528" hits="3" branch="false"/><line number="530" hits="3" branch="false"/><line number="532" hits="3" branch="false"/><line number="534" hits="3" branch="false"/><line number="535" hits="3" branch="false"/><line number="536" hits="3" branch="false"/><line number="537" hits="3" branch="false"/><line number="539" hits="3" branch="false"/><line number="540" hits="3" branch="false"/><line number="187" hits="0" branch="false"/><line number="191" hits="0" branch="true" condition-coverage="0% (0/4)"><conditions><condition number="0" type="jump" coverage="0%"/></conditions></line><line number="195" hits="0" branch="false"/></lines></class></classes></package><package name="src.geometryRTheta.initialisation" line-rate="0.0" branch-rate="0.0" complexity="0.0"><classes><class name="diocotron_initialisation_equilibrium_cpp" filename="src/geometryRTheta/initialisation/diocotron_initialisation_equilibrium.cpp" line-rate="0.0" branch-rate="0.0" complexity="0.0"><methods/><lines><line number="8" hits="0" branch="false"/><line number="11" hits="0" branch="false"/><line number="13" hits="0" branch="false"/><line number="14" hits="0" branch="false"/><line number="16" hits="0" branch="true" condition-coverage="0% (0/2)"><conditions><condition number="0" type="jump" coverage="0%"/></conditions></line><line number="17" hits="0" branch="false"/><line number="18" hits="0" branch="false"/><line number="20" hits="0" branch="false"/><line number="21" hits="0" branch="false"/><line number="23" hits="0" branch="false"/><line number="26" hits="0" branch="false"/><line number="27" hits="0" branch="false"/><line number="28" hits="0" branch="false"/><line number="30" hits="0" branch="false"/><line number="31" hits="0" branch="false"/><line number="33" hits="0" branch="false"/><line number="35" hits="0" branch="false"/><line number="36" hits="0" branch="false"/><line number="37" hits="0" branch="false"/><line number="38" hits="0" branch="false"/><line number="39" hits="0" branch="false"/><line number="41" hits="0" branch="false"/><line number="42" hits="0" branch="false"/><line number="43" hits="0" branch="false"/><line number="44" hits="0" branch="false"/><line number="45" hits="0" branch="false"/><line number="46" hits="0" branch="false"/><line number="47" hits="0" branch="false"/><line number="51" hits="0" branch="false"/><line number="52" hits="0" branch="true" condition-coverage="0% (0/2)"><conditions><condition number="0" type="jump" coverage="0%"/></conditions></line><line number="53" hits="0" branch="false"/><line number="54" hits="0" branch="false"/><line number="55" hits="0" branch="false"/><line number="56" hits="0" branch="false"/><line number="58" hits="0" branch="false"/><line number="59" hits="0" branch="false"/><line number="61" hits="0" branch="false"/><line number="64" hits="0" branch="false"/><line number="66" hits="0" branch="false"/><line number="69" hits="0" branch="false"/><line number="71" hits="0" branch="false"/><line number="75" hits="0" branch="false"/><line number="77" hits="0" branch="true" condition-coverage="0% (0/2)"><conditions><condition number="0" type="jump" coverage="0%"/></conditions></line><line number="78" hits="0" branch="false"/><line number="80" hits="0" branch="true" condition-coverage="0% (0/4)"><conditions><condition number="0" type="jump" coverage="0%"/></conditions></line><line number="81" hits="0" branch="false"/><line number="82" hits="0" branch="false"/><line number="88" hits="0" branch="false"/><line number="90" hits="0" branch="true" condition-coverage="0% (0/2)"><conditions><condition number="0" type="jump" coverage="0%"/></conditions></line><line number="92" hits="0" branch="true" condition-coverage="0% (0/4)"><conditions><condition number="0" type="jump" coverage="0%"/></conditions></line><line number="93" hits="0" branch="false"/></lines></class><class name="diocotron_initialisation_equilibrium_hpp" filename="src/geometryRTheta/initialisation/diocotron_initialisation_equilibrium.hpp" line-rate="0.0" branch-rate="0.0" complexity="0.0"><methods/><lines><line number="105" hits="0" branch="false"/><line number="113" hits="0" branch="false"/><line number="114" hits="0" branch="false"/><line number="115" hits="0" branch="false"/><line number="116" hits="0" branch="false"/><line number="117" hits="0" branch="false"/><line number="118" hits="0" branch="false"/><line number="119" hits="0" branch="false"/><line number="120" hits="0" branch="false"/><line number="121" hits="0" branch="false"/><line number="122" hits="0" branch="false"/><line number="123" hits="0" branch="false"/><line number="124" hits="0" branch="false"/><line number="126" hits="0" branch="true" condition-coverage="0% (0/2)"><conditions><condition number="0" type="jump" coverage="0%"/></conditions></line><line number="127" hits="0" branch="true" condition-coverage="0% (0/2)"><conditions><condition number="0" type="jump" coverage="0%"/></conditions></line><line number="128" hits="0" branch="true" condition-coverage="0% (0/2)"><conditions><condition number="0" type="jump" coverage="0%"/></conditions></line><line number="129" hits="0" branch="true" condition-coverage="0% (0/2)"><conditions><condition number="0" type="jump" coverage="0%"/></conditions></line><line number="130" hits="0" branch="true" condition-coverage="0% (0/2)"><conditions><condition number="0" type="jump" coverage="0%"/></conditions></line><line number="133" hits="0" branch="false"/><line number="134" hits="0" branch="false"/></lines></class><class name="vortex_merger_equilibrium_hpp" filename="src/geometryRTheta/initialisation/vortex_merger_equilibrium.hpp" line-rate="0.0" branch-rate="0.0" complexity="0.0"><methods/><lines><line number="54" hits="0" branch="false"/><line number="64" hits="0" branch="false"/><line number="65" hits="0" branch="false"/><line number="66" hits="0" branch="false"/><line number="67" hits="0" branch="false"/><line number="68" hits="0" branch="true" condition-coverage="0% (0/2)"><conditions><condition number="0" type="jump" coverage="0%"/></conditions></line><line number="104" hits="0" branch="false"/><line number="113" hits="0" branch="false"/><line number="114" hits="0" branch="true" condition-coverage="0% (0/2)"><conditions><condition number="0" type="jump" coverage="0%"/></conditions></line><line number="116" hits="0" branch="false"/><line number="117" hits="0" branch="true" condition-coverage="0% (0/2)"><conditions><condition number="0" type="jump" coverage="0%"/></conditions></line><line number="119" hits="0" branch="false"/><line number="120" hits="0" branch="false"/><line number="123" hits="0" branch="false"/><line number="125" hits="0" branch="false"/><line number="126" hits="0" branch="false"/><line number="131" hits="0" branch="true" condition-coverage="0% (0/2)"><conditions><condition number="0" type="jump" coverage="0%"/></conditions></line><line number="132" hits="0" branch="false"/><line number="133" hits="0" branch="true" condition-coverage="0% (0/2)"><conditions><condition number="0" type="jump" coverage="0%"/></conditions></line><line number="134" hits="0" branch="false"/><line number="138" hits="0" branch="false"/><line number="139" hits="0" branch="false"/><line number="140" hits="0" branch="false"/><line number="142" hits="0" branch="true" condition-coverage="0% (0/2)"><conditions><condition number="0" type="jump" coverage="0%"/></conditions></line><line number="145" hits="0" branch="false"/><line number="146" hits="0" branch="false"/><line number="151" hits="0" branch="false"/><line number="152" hits="0" branch="false"/><line number="153" hits="0" branch="false"/><line number="155" hits="0" branch="true" condition-coverage="0% (0/2)"><conditions><condition number="0" type="jump" coverage="0%"/></conditions></line><line number="157" hits="0" branch="false"/><line number="158" hits="0" branch="false"/><line number="161" hits="0" branch="true" condition-coverage="0% (0/4)"><conditions><condition number="0" type="jump" coverage="0%"/></conditions></line><line number="165" hits="0" branch="false"/><line number="166" hits="0" branch="false"/><line number="170" hits="0" branch="false"/><line number="171" hits="0" branch="false"/><line number="172" hits="0" branch="true" condition-coverage="0% (0/2)"><conditions><condition number="0" type="jump" coverage="0%"/></conditions></line><line number="173" hits="0" branch="false"/><line number="174" hits="0" branch="false"/><line number="175" hits="0" branch="false"/><line number="178" hits="0" branch="false"/><line number="195" hits="0" branch="false"/><line number="201" hits="0" branch="false"/><line number="204" hits="0" branch="false"/><line number="205" hits="0" branch="true" condition-coverage="0% (0/2)"><conditions><condition number="0" type="jump" coverage="0%"/></conditions></line><line number="206" hits="0" branch="false"/><line number="207" hits="0" branch="false"/><line number="208" hits="0" branch="false"/><line number="209" hits="0" branch="false"/><line number="210" hits="0" branch="false"/><line number="211" hits="0" branch="false"/><line number="212" hits="0" branch="false"/><line number="213" hits="0" branch="false"/><line number="215" hits="0" branch="true" condition-coverage="0% (0/2)"><conditions><condition number="0" type="jump" coverage="0%"/></conditions></line><line number="222" hits="0" branch="false"/></lines></class><class name="vortex_merger_initialisation_hpp" filename="src/geometryRTheta/initialisation/vortex_merger_initialisation.hpp" line-rate="0.0" branch-rate="0.0" complexity="0.0"><methods/><lines><line number="35" hits="0" branch="true" condition-coverage="0% (0/2)"><conditions><condition number="0" type="jump" coverage="0%"/></conditions></line><line number="72" hits="0" branch="false"/><line number="82" hits="0" branch="false"/><line number="85" hits="0" branch="true" condition-coverage="0% (0/2)"><conditions><condition number="0" type="jump" coverage="0%"/></conditions></line><line number="86" hits="0" branch="false"/><line number="87" hits="0" branch="false"/><line number="88" hits="0" branch="false"/><line number="89" hits="0" branch="false"/><line number="91" hits="0" branch="false"/><line number="92" hits="0" branch="false"/><line number="93" hits="0" branch="false"/><line number="94" hits="0" branch="false"/><line number="95" hits="0" branch="false"/><line number="96" hits="0" branch="false"/><line number="97" hits="0" branch="false"/><line number="98" hits="0" branch="false"/><line number="99" hits="0" branch="false"/></lines></class></classes></package><package name="src.geometryRTheta.poisson" line-rate="0.0" branch-rate="0.0" complexity="0.0"><classes><class name="poisson_like_rhs_function_hpp" filename="src/geometryRTheta/poisson/poisson_like_rhs_function.hpp" line-rate="0.0" branch-rate="0.0" complexity="0.0"><methods/><lines><line number="46" hits="0" branch="false"/><line number="47" hits="0" branch="false"/><line number="48" hits="0" branch="true" condition-coverage="0% (0/6)"><conditions><condition number="0" type="jump" coverage="0%"/></conditions></line><line number="60" hits="0" branch="false"/><line number="62" hits="0" branch="false"/></lines></class></classes></package><package name="src.geometryRTheta.time_solver" line-rate="0.0" branch-rate="0.0" complexity="0.0"><classes><class name="bsl_predcorr_hpp" filename="src/geometryRTheta/time_solver/bsl_predcorr.hpp" line-rate="0.0" branch-rate="0.0" complexity="0.0"><methods/><lines><line number="55" hits="0" branch="false"/><line number="90" hits="0" branch="false"/><line number="100" hits="0" branch="false"/><line number="101" hits="0" branch="false"/><line number="102" hits="0" branch="false"/><line number="103" hits="0" branch="true" condition-coverage="0% (0/2)"><conditions><condition number="0" type="jump" coverage="0%"/></conditions></line><line number="104" hits="0" branch="true" condition-coverage="0% (0/2)"><conditions><condition number="0" type="jump" coverage="0%"/></conditions></line><line number="108" hits="0" branch="false"/><line number="113" hits="0" branch="false"/><line number="114" hits="0" branch="false"/><line number="118" hits="0" branch="false"/><line number="119" hits="0" branch="false"/><line number="121" hits="0" branch="false"/><line number="122" hits="0" branch="false"/><line number="123" hits="0" branch="false"/><line number="125" hits="0" branch="true" condition-coverage="0% (0/2)"><conditions><condition number="0" type="jump" coverage="0%"/></conditions></line><line number="130" hits="0" branch="false"/><line number="133" hits="0" branch="true" condition-coverage="0% (0/2)"><conditions><condition number="0" type="jump" coverage="0%"/></conditions></line><line number="134" hits="0" branch="true" condition-coverage="0% (0/2)"><conditions><condition number="0" type="jump" coverage="0%"/></conditions></line><line number="135" hits="0" branch="true" condition-coverage="0% (0/2)"><conditions><condition number="0" type="jump" coverage="0%"/></conditions></line><line number="136" hits="0" branch="true" condition-coverage="0% (0/2)"><conditions><condition number="0" type="jump" coverage="0%"/></conditions></line><line number="138" hits="0" branch="false"/><line number="139" hits="0" branch="true" condition-coverage="0% (0/2)"><conditions><condition number="0" type="jump" coverage="0%"/></conditions></line><line number="140" hits="0" branch="true" condition-coverage="0% (0/4)"><conditions><condition number="0" type="jump" coverage="0%"/></conditions></line><line number="141" hits="0" branch="true" condition-coverage="0% (0/2)"><conditions><condition number="0" type="jump" coverage="0%"/></conditions></line><line number="142" hits="0" branch="true" condition-coverage="0% (0/2)"><conditions><condition number="0" type="jump" coverage="0%"/></conditions></line><line number="143" hits="0" branch="true" condition-coverage="0% (0/4)"><conditions><condition number="0" type="jump" coverage="0%"/></conditions></line><line number="144" hits="0" branch="true" condition-coverage="0% (0/4)"><conditions><condition number="0" type="jump" coverage="0%"/></conditions></line><line number="145" hits="0" branch="true" condition-coverage="0% (0/2)"><conditions><condition number="0" type="jump" coverage="0%"/></conditions></line><line number="149" hits="0" branch="true" condition-coverage="0% (0/4)"><conditions><condition number="0" type="jump" coverage="0%"/></conditions></line><line number="152" hits="0" branch="false"/><line number="153" hits="0" branch="true" condition-coverage="0% (0/2)"><conditions><condition number="0" type="jump" coverage="0%"/></conditions></line><line number="154" hits="0" branch="true" condition-coverage="0% (0/2)"><conditions><condition number="0" type="jump" coverage="0%"/></conditions></line><line number="157" hits="0" branch="false"/><line number="158" hits="0" branch="false"/><line number="161" hits="0" branch="true" condition-coverage="0% (0/2)"><conditions><condition number="0" type="jump" coverage="0%"/></conditions></line><line number="162" hits="0" branch="false"/><line number="165" hits="0" branch="false"/><line number="166" hits="0" branch="false"/><line number="168" hits="0" branch="false"/><line number="169" hits="0" branch="false"/><line number="171" hits="0" branch="false"/><line number="175" hits="0" branch="false"/><line number="181" hits="0" branch="false"/><line number="182" hits="0" branch="true" condition-coverage="0% (0/2)"><conditions><condition number="0" type="jump" coverage="0%"/></conditions></line><line number="183" hits="0" branch="true" condition-coverage="0% (0/2)"><conditions><condition number="0" type="jump" coverage="0%"/></conditions></line><line number="184" hits="0" branch="false"/><line number="185" hits="0" branch="true" condition-coverage="0% (0/2)"><conditions><condition number="0" type="jump" coverage="0%"/></conditions></line><line number="187" hits="0" branch="true" condition-coverage="0% (0/8)"><conditions><condition number="0" type="jump" coverage="0%"/></conditions></line><line number="194" hits="0" branch="true" condition-coverage="0% (0/2)"><conditions><condition number="0" type="jump" coverage="0%"/></conditions></line><line number="195" hits="0" branch="true" condition-coverage="0% (0/2)"><conditions><condition number="0" type="jump" coverage="0%"/></conditions></line><line number="196" hits="0" branch="true" condition-coverage="0% (0/4)"><conditions><condition number="0" type="jump" coverage="0%"/></conditions></line><line number="197" hits="0" branch="true" condition-coverage="0% (0/2)"><conditions><condition number="0" type="jump" coverage="0%"/></conditions></line><line number="198" hits="0" branch="true" condition-coverage="0% (0/2)"><conditions><condition number="0" type="jump" coverage="0%"/></conditions></line><line number="199" hits="0" branch="true" condition-coverage="0% (0/4)"><conditions><condition number="0" type="jump" coverage="0%"/></conditions></line><line number="200" hits="0" branch="true" condition-coverage="0% (0/4)"><conditions><condition number="0" type="jump" coverage="0%"/></conditions></line><line number="201" hits="0" branch="true" condition-coverage="0% (0/2)"><conditions><condition number="0" type="jump" coverage="0%"/></conditions></line><line number="203" hits="0" branch="false"/><line number="206" hits="0" branch="true" condition-coverage="0% (0/4)"><conditions><condition number="0" type="jump" coverage="0%"/></conditions></line><line number="209" hits="0" branch="false"/><line number="210" hits="0" branch="false"/></lines></class><class name="bsl_predcorr_second_order_explicit_hpp" filename="src/geometryRTheta/time_solver/bsl_predcorr_second_order_explicit.hpp" line-rate="0.0" branch-rate="0.0" complexity="0.0"><methods/><lines><line number="61" hits="0" branch="false"/><line number="129" hits="0" branch="false"/><line number="1
[...]
ne number="255" hits="2524" branch="false"/><line number="256" hits="98570068" branch="false"/><line number="258" hits="147901062" branch="true" condition-coverage="100% (16/16)"><conditions><condition number="0" type="jump" coverage="100%"/></conditions></line><line number="259" hits="98616028" branch="false"/><line number="261" hits="49285034" branch="false"/><line number="263" hits="2524" branch="false"/><line number="281" hits="1164" branch="false"/><line number="289" hits="1164" branch="false"/><line number="290" hits="1164" branch="false"/><line number="291" hits="3900" branch="true" condition-coverage="100% (2/2)"><conditions><condition number="0" type="jump" coverage="100%"/></conditions></line><line number="292" hits="2736" branch="false"/><line number="295" hits="128" branch="false"/><line number="297" hits="1036" branch="false"/><line number="299" hits="1164" branch="false"/><line number="315" hits="582" branch="false"/><line number="321" hits="582" branch="false"/><line number="323" hits="582" branch="false"/><line number="150" hits="3339" branch="true" condition-coverage="18% (6/32)"><conditions><condition number="0" type="jump" coverage="18%"/></conditions></line><line number="195" hits="2396" branch="false"/><line number="102" hits="722" branch="false"/><line number="110" hits="2050" branch="true" condition-coverage="50% (2/4)"><conditions><condition number="0" type="jump" coverage="50%"/></conditions></line><line number="111" hits="2732" branch="false"/><line number="113" hits="1366" branch="false"/><line number="114" hits="6421261" branch="false"/><line number="116" hits="722" branch="false"/><line number="78" hits="683" branch="false"/><line number="81" hits="1366" branch="true" condition-coverage="50% (2/4)"><conditions><condition number="0" type="jump" coverage="50%"/></conditions></line><line number="82" hits="683" branch="false"/><line number="199" hits="352" branch="false"/></lines></class><class name="rk2_hpp" filename="src/timestepper/rk2.hpp" line-rate="1.0" branch-rate="0.5" complexity="0.0"><methods/><lines><line number="60" hits="412" branch="true" condition-coverage="50% (2/4)"><conditions><condition number="0" type="jump" coverage="50%"/></conditions></line><line number="77" hits="545" branch="false"/><line number="84" hits="545" branch="false"/><line number="85" hits="545" branch="true" condition-coverage="50% (1/2)"><conditions><condition number="0" type="jump" coverage="50%"/></conditions></line><line number="86" hits="545" branch="true" condition-coverage="50% (1/2)"><conditions><condition number="0" type="jump" coverage="50%"/></conditions></line><line number="88" hits="545" branch="false"/><line number="89" hits="545" branch="false"/><line number="90" hits="545" branch="false"/><line number="93" hits="545" branch="true" condition-coverage="50% (2/4)"><conditions><condition number="0" type="jump" coverage="50%"/></conditions></line><line number="97" hits="545" branch="true" condition-coverage="50% (2/4)"><conditions><condition number="0" type="jump" coverage="50%"/></conditions></line><line number="101" hits="1022" branch="true" condition-coverage="50% (2/4)"><conditions><condition number="0" type="jump" coverage="50%"/></conditions></line><line number="104" hits="1022" branch="true" condition-coverage="50% (2/4)"><conditions><condition number="0" type="jump" coverage="50%"/></conditions></line><line number="108" hits="548" branch="true" condition-coverage="50% (2/4)"><conditions><condition number="0" type="jump" coverage="50%"/></conditions></line><line number="109" hits="681" branch="false"/></lines></class><class name="rk3_hpp" filename="src/timestepper/rk3.hpp" line-rate="0.9615384615384616" branch-rate="0.4583333333333333" complexity="0.0"><methods/><lines><line number="36" hits="0" branch="true" condition-coverage="0% (0/4)"><conditions><condition number="0" type="jump" coverage="0%"/></conditions></line><line number="60" hits="8" branch="true" condition-coverage="50% (2/4)"><conditions><condition number="0" type="jump" coverage="50%"/></conditions></line><line number="77" hits="153" branch="false"/><line number="93" hits="153" branch="false"/><line number="94" hits="153" branch="true" condition-coverage="50% (1/2)"><conditions><condition number="0" type="jump" coverage="50%"/></conditions></line><line number="95" hits="153" branch="true" condition-coverage="50% (1/2)"><conditions><condition number="0" type="jump" coverage="50%"/></conditions></line><line number="96" hits="153" branch="true" condition-coverage="50% (1/2)"><conditions><condition number="0" type="jump" coverage="50%"/></conditions></line><line number="97" hits="153" branch="true" condition-coverage="50% (1/2)"><conditions><condition number="0" type="jump" coverage="50%"/></conditions></line><line number="99" hits="153" branch="false"/><line number="100" hits="153" branch="false"/><line number="101" hits="153" branch="false"/><line number="102" hits="153" branch="false"/><line number="103" hits="153" branch="false"/><line number="106" hits="153" branch="true" condition-coverage="50% (2/4)"><conditions><condition number="0" type="jump" coverage="50%"/></conditions></line><line number="110" hits="153" branch="true" condition-coverage="50% (2/4)"><conditions><condition number="0" type="jump" coverage="50%"/></conditions></line><line number="114" hits="238" branch="true" condition-coverage="50% (2/4)"><conditions><condition number="0" type="jump" coverage="50%"/></conditions></line><line number="117" hits="153" branch="true" condition-coverage="50% (2/4)"><conditions><condition number="0" type="jump" coverage="50%"/></conditions></line><line number="122" hits="153" branch="false"/><line number="125" hits="44930" branch="false"/><line number="130" hits="153" branch="true" condition-coverage="50% (2/4)"><conditions><condition number="0" type="jump" coverage="50%"/></conditions></line><line number="133" hits="238" branch="true" condition-coverage="50% (2/4)"><conditions><condition number="0" type="jump" coverage="50%"/></conditions></line><line number="136" hits="153" branch="true" condition-coverage="50% (2/4)"><conditions><condition number="0" type="jump" coverage="50%"/></conditions></line><line number="141" hits="153" branch="false"/><line number="144" hits="44930" branch="false"/><line number="150" hits="207" branch="true" condition-coverage="50% (2/4)"><conditions><condition number="0" type="jump" coverage="50%"/></conditions></line><line number="151" hits="425" branch="false"/></lines></class><class name="rk4_hpp" filename="src/timestepper/rk4.hpp" line-rate="0.9666666666666667" branch-rate="0.46774193548387094" complexity="0.0"><methods/><lines><line number="36" hits="0" branch="true" condition-coverage="0% (0/4)"><conditions><condition number="0" type="jump" coverage="0%"/></conditions></line><line number="60" hits="5" branch="true" condition-coverage="50% (2/4)"><conditions><condition number="0" type="jump" coverage="50%"/></conditions></line><line number="77" hits="105" branch="false"/><line number="91" hits="105" branch="false"/><line number="92" hits="105" branch="true" condition-coverage="50% (1/2)"><conditions><condition number="0" type="jump" coverage="50%"/></conditions></line><line number="93" hits="105" branch="true" condition-coverage="50% (1/2)"><conditions><condition number="0" type="jump" coverage="50%"/></conditions></line><line number="94" hits="105" branch="true" condition-coverage="50% (1/2)"><conditions><condition number="0" type="jump" coverage="50%"/></conditions></line><line number="95" hits="105" branch="true" condition-coverage="50% (1/2)"><conditions><condition number="0" type="jump" coverage="50%"/></conditions></line><line number="96" hits="105" branch="true" condition-coverage="50% (1/2)"><conditions><condition number="0" type="jump" coverage="50%"/></conditions></line><line number="98" hits="105" branch="false"/><line number="99" hits="105" branch="false"/><line number="100" hits="105" branch="false"/><line number="101" hits="105" branch="false"/><line number="102" hits="105" branch="false"/><line number="103" hits="105" branch="false"/><line number="107" hits="105" branch="true" condition-coverage="50% (2/4)"><conditions><condition number="0" type="jump" coverage="50%"/></conditions></line><line number="111" hits="105" branch="true" condition-coverage="50% (2/4)"><conditions><condition number="0" type="jump" coverage="50%"/></conditions></line><line number="115" hits="142" branch="true" condition-coverage="50% (2/4)"><conditions><condition number="0" type="jump" coverage="50%"/></conditions></line><line number="118" hits="105" branch="true" condition-coverage="50% (2/4)"><conditions><condition number="0" type="jump" coverage="50%"/></conditions></line><line number="122" hits="105" branch="true" condition-coverage="50% (2/4)"><conditions><condition number="0" type="jump" coverage="50%"/></conditions></line><line number="125" hits="142" branch="true" condition-coverage="50% (2/4)"><conditions><condition number="0" type="jump" coverage="50%"/></conditions></line><line number="128" hits="105" branch="true" condition-coverage="50% (2/4)"><conditions><condition number="0" type="jump" coverage="50%"/></conditions></line><line number="132" hits="105" branch="true" condition-coverage="50% (2/4)"><conditions><condition number="0" type="jump" coverage="50%"/></conditions></line><line number="135" hits="142" branch="true" condition-coverage="50% (2/4)"><conditions><condition number="0" type="jump" coverage="50%"/></conditions></line><line number="138" hits="105" branch="true" condition-coverage="50% (2/4)"><conditions><condition number="0" type="jump" coverage="50%"/></conditions></line><line number="144" hits="105" branch="false"/><line number="147" hits="770" branch="false"/><line number="148" hits="770" branch="false"/><line number="156" hits="111" branch="true" condition-coverage="50% (2/4)"><conditions><condition number="0" type="jump" coverage="50%"/></conditions></line><line number="157" hits="445" branch="false"/></lines></class></classes></package><package name="src.utils" line-rate="0.9398496240601504" branch-rate="0.20693928128872366" complexity="0.0"><classes><class name="assert_cpp" filename="src/utils/assert.cpp" line-rate="0.0" branch-rate="1.0" complexity="0.0"><methods/><lines><line number="8" hits="0" branch="false"/><line number="10" hits="0" branch="false"/><line number="11" hits="0" branch="false"/><line number="13" hits="0" branch="false"/><line number="15" hits="0" branch="false"/><line number="17" hits="0" branch="false"/><line number="18" hits="0" branch="false"/><line number="20" hits="0" branch="false"/></lines></class><class name="ddc_alias_inline_functions_hpp" filename="src/utils/ddc_alias_inline_functions.hpp" line-rate="1.0" branch-rate="0.19402356902356901" complexity="0.0"><methods/><lines><line number="104" hits="207676" branch="false"/><line number="111" hits="151714" branch="false"/><line number="113" hits="49448" branch="false"/><line number="117" hits="6392" branch="false"/><line number="132" hits="2826" branch="false"/><line number="134" hits="2826" branch="false"/><line number="144" hits="11101" branch="true" condition-coverage="19% (75/392)"><conditions><condition number="0" type="jump" coverage="19%"/></conditions></line><line number="149" hits="15997" branch="true" condition-coverage="18% (71/391)"><conditions><condition number="0" type="jump" coverage="18%"/></conditions></line><line number="153" hits="498456" branch="true" condition-coverage="66% (89/134)"><conditions><condition number="0" type="jump" coverage="66%"/></conditions></line><line number="158" hits="498425" branch="true" condition-coverage="11% (107/913)"><conditions><condition number="0" type="jump" coverage="11%"/></conditions></line><line number="168" hits="5516939" branch="true" condition-coverage="14% (7/49)"><conditions><condition number="0" type="jump" coverage="14%"/></conditions></line><line number="173" hits="5517227" branch="true" condition-coverage="17% (79/446)"><conditions><condition number="0" type="jump" coverage="17%"/></conditions></line><line number="177" hits="752207" branch="false"/><line number="182" hits="752203" branch="true" condition-coverage="64% (33/51)"><conditions><condition number="0" type="jump" coverage="64%"/></conditions></line><line number="119" hits="122" branch="false"/></lines></class><class name="ddc_helper_hpp" filename="src/utils/ddc_helper.hpp" line-rate="1.0" branch-rate="0.8518518518518519" complexity="0.0"><methods/><lines><line number="61" hits="49282600" branch="false"/><line number="63" hits="49282600" branch="false"/><line number="64" hits="49282600" branch="false"/><line number="88" hits="49282720" branch="false"/><line number="93" hits="49282720" branch="true" condition-coverage="50% (1/2)"><conditions><condition number="0" type="jump" coverage="50%"/></conditions></line><line number="94" hits="49282720" branch="false"/><line number="95" hits="49282720" branch="false"/><line number="97" hits="49282720" branch="true" condition-coverage="50% (1/2)"><conditions><condition number="0" type="jump" coverage="50%"/></conditions></line><line number="98" hits="49282720" branch="true" condition-coverage="100% (2/2)"><conditions><condition number="0" type="jump" coverage="100%"/></conditions></line><line number="99" hits="49282720" branch="true" condition-coverage="100% (2/2)"><conditions><condition number="0" type="jump" coverage="100%"/></conditions></line><line number="100" hits="80" branch="true" condition-coverage="100% (2/2)"><conditions><condition number="0" type="jump" coverage="100%"/></conditions></line><line number="101" hits="80" branch="false"/><line number="102" hits="80" branch="false"/><line number="103" hits="80" branch="true" condition-coverage="100% (2/2)"><conditions><condition number="0" type="jump" coverage="100%"/></conditions></line><line number="104" hits="80" branch="false"/><line number="106" hits="66820736" branch="false"/><line number="107" hits="66820736" branch="false"/><line number="108" hits="66820736" branch="true" condition-coverage="100% (2/2)"><conditions><condition number="0" type="jump" coverage="100%"/></conditions></line><line number="109" hits="49282840" branch="false"/><line number="110" hits="49282840" branch="true" condition-coverage="100% (2/2)"><conditions><condition number="0" type="jump" coverage="100%"/></conditions></line><line number="111" hits="49282720" branch="false"/><line number="166" hits="9" branch="false"/><line number="173" hits="9" branch="false"/><line number="175" hits="9" branch="false"/><line number="176" hits="1461" branch="false"/><line number="177" hits="9" branch="false"/><line number="149" hits="4" branch="false"/><line number="153" hits="4" branch="false"/><line number="155" hits="4" branch="false"/><line number="156" hits="192" branch="false"/><line number="157" hits="4" branch="false"/><line number="43" hits="65" branch="false"/><line number="45" hits="65" branch="false"/><line number="25" hits="1166" branch="false"/><line number="27" hits="593" branch="true" condition-coverage="60% (3/5)"><conditions><condition number="0" type="jump" coverage="60%"/></conditions></line><line number="188" hits="16" branch="false"/><line number="193" hits="16" branch="false"/><line number="194" hits="16" branch="false"/><line number="196" hits="16" branch="false"/><line number="197" hits="16" branch="false"/><line number="200" hits="16" branch="false"/><line number="201" hits="701" branch="false"/><line number="202" hits="691" branch="false"/><line number="205" hits="16" branch="false"/><line number="128" hits="2324" branch="false"/><line number="132" hits="2324" branch="true" condition-coverage="100% (2/2)"><conditions><condition number="0" type="jump" coverage="100%"/></conditions></line><line number="133" hits="2324" branch="true" condition-coverage="100% (4/4)"><conditions><condition number="0" type="jump" coverage="100%"/></conditions></line><line number="134" hits="28" branch="false"/><line number="135" hits="56" branch="false"/><line number="136" hits="28" branch="false"/><line number="137" hits="28" branch="false"/><line number="140" hits="2324" branch="false"/></lines></class><class name="mesh_builder_hpp" filename="src/utils/mesh_builder.hpp" line-rate="1.0" branch-rate="1.0" complexity="0.0"><methods/><lines><line number="28" hits="27" branch="false"/><line number="36" hits="27" branch="false"/><line number="38" hits="27" branch="false"/><line number="39" hits="27" branch="false"/><line number="41" hits="27" branch="false"/><line number="42" hits="1115" branch="true" condition-coverage="100% (2/2)"><conditions><condition number="0" type="jump" coverage="100%"/></conditions></line><line number="43" hits="1088" branch="false"/><line number="44" hits="1088" branch="false"/><line number="46" hits="27" branch="false"/><line number="47" hits="27" branch="false"/><line number="10" hits="265" branch="false"/><line number="16" hits="265" branch="false"/><line number="17" hits="265" branch="false"/><line number="19" hits="265" branch="false"/><line number="20" hits="53197" branch="true" condition-coverage="100% (2/2)"><conditions><condition number="0" type="jump" coverage="100%"/></conditions></line><line number="21" hits="52932" branch="false"/><line number="23" hits="265" branch="false"/><line number="24" hits="265" branch="false"/></lines></class><class name="transpose_hpp" filename="src/utils/transpose.hpp" line-rate="1.0" branch-rate="0.9" complexity="0.0"><methods/><lines><line number="30" hits="110" branch="false"/><line number="49" hits="110" branch="true" condition-coverage="50% (1/2)"><conditions><condition number="0" type="jump" coverage="50%"/></conditions></line><line number="51" hits="110" branch="false"/><line number="53" hits="110" branch="false"/><line number="70" hits="68" branch="false"/><line number="71" hits="68" branch="false"/><line number="72" hits="68" branch="false"/><line number="75" hits="3276800" branch="false"/><line number="76" hits="37289984" branch="true" condition-coverage="100% (8/8)"><conditions><condition number="0" type="jump" coverage="100%"/></conditions></line><line number="77" hits="35651584" branch="false"/><line number="81" hits="110" branch="false"/><line number="103" hits="41" branch="false"/><line number="112" hits="41" branch="false"/><line number="114" hits="41" branch="false"/><line number="115" hits="41" branch="false"/><line number="116" hits="41" branch="false"/><line number="117" hits="41" branch="false"/><line number="137" hits="25" branch="false"/><line number="146" hits="25" branch="false"/><line number="148" hits="25" branch="false"/><line number="149" hits="25" branch="false"/><line number="150" hits="25" branch="false"/><line number="57" hits="42" branch="false"/><line number="60" hits="10535040" branch="false"/><line number="61" hits="5267520" branch="false"/></lines></class><class name="view_hpp" filename="src/utils/view.hpp" line-rate="1.0" branch-rate="1.0" complexity="0.0"><methods/><lines><line number="41" hits="14" branch="false"/><line number="47" hits="6" branch="false"/><line number="48" hits="18" branch="true" condition-coverage="100% (2/2)"><conditions><condition number="0" type="jump" coverage="100%"/></conditions></line><line number="49" hits="12" branch="false"/><line number="51" hits="12" branch="false"/><line number="54" hits="6" branch="false"/><line number="56" hits="8" branch="false"/><line number="57" hits="16" branch="true" condition-coverage="100% (2/2)"><conditions><condition number="0" type="jump" coverage="100%"/></conditions></line><line number="58" hits="8" branch="false"/><line number="60" hits="8" branch="false"/><line number="62" hits="14" branch="false"/><line number="144" hits="1" branch="false"/><line number="148" hits="1" branch="false"/><line number="112" hits="1670105" branch="false"/><line number="114" hits="1670105" branch="false"/></lines></class></classes></package></packages></coverage>